Started GET "/" for 127.0.0.1 at 2021-01-07 10:19:21 -0800
DEPRECATION WARNING: ActiveRecord::Base.raise_in_transactional_callbacks= is deprecated, has no effect and will be removed without replacement. (called from block (3 levels) in <class:Railtie> at /home/michelle/.rbenv/versions/2.5.1/lib/ruby/gems/2.5.0/gems/activerecord-5.0.7.2/lib/active_record/railtie.rb:113)
Processing by StaticPagesController#index as HTML
  Rendering static_pages/index.html.erb within layouts/application
  Rendered shared/_main_nav.html.erb (0.7ms)
  Rendered shared/_masthead.html.erb (0.7ms)
  Rendered shared/_sections_nav.html.erb (0.4ms)
  Rendered shared/_search_modal.html.erb (0.9ms)
  Rendered shared/_main_content.html.erb (0.5ms)
  Rendered static_pages/index.html.erb within layouts/application (63.9ms)
Completed 200 OK in 1286ms (Views: 1284.1ms | ActiveRecord: 0.0ms)


Started GET "/assets/components/modal.self-52188644dbb47def5ee35ae02e69eb567ca9b664472357a8a5789dd39032a265.js?body=1" for 127.0.0.1 at 2021-01-07 10:19:23 -0800
Started GET "/assets/jquery_ujs.self-784a997f6726036b1993eb2217c9cb558e1cbb801c6da88105588c56f13b466a.js?body=1" for 127.0.0.1 at 2021-01-07 10:19:23 -0800
Started GET "/assets/application.self-39af35002319b1964e435111cf0e5ee1eeabbbda2076ed624d053026d78c8a1d.css?body=1" for 127.0.0.1 at 2021-01-07 10:19:23 -0800
Started GET "/assets/jquery.self-bd7ddd393353a8d2480a622e80342adf488fb6006d667e8b42e4c0073393abee.js?body=1" for 127.0.0.1 at 2021-01-07 10:19:23 -0800
Started GET "/assets/components/sidebar.self-2a1277f850a6fa21e1a974ef5152f177ac05516477d5081d593bb137b3d6808b.js?body=1" for 127.0.0.1 at 2021-01-07 10:19:23 -0800
Started GET "/assets/application.self-f571b9db02bf4ed04c38a6a29072ac382f7d4f47db1fab9817aeadb0d8665235.js?body=1" for 127.0.0.1 at 2021-01-07 10:19:24 -0800
Started GET "/" for ::1 at 2021-01-07 10:39:48 -0800
DEPRECATION WARNING: ActiveRecord::Base.raise_in_transactional_callbacks= is deprecated, has no effect and will be removed without replacement. (called from block (3 levels) in <class:Railtie> at /home/michelle/.rbenv/versions/2.5.1/lib/ruby/gems/2.5.0/gems/activerecord-5.0.7.2/lib/active_record/railtie.rb:113)
Processing by StaticPagesController#index as HTML
  Rendering static_pages/index.html.erb within layouts/application
  Rendered shared/_main_nav.html.erb (0.9ms)
  Rendered shared/_masthead.html.erb (0.4ms)
  Rendered shared/_sections_nav.html.erb (0.4ms)
  Rendered shared/_search_modal.html.erb (0.3ms)
  Rendered shared/_main_content.html.erb (0.3ms)
  Rendered static_pages/index.html.erb within layouts/application (38.5ms)
Completed 200 OK in 468ms (Views: 466.4ms | ActiveRecord: 0.0ms)


Started GET "/assets/application.self-39af35002319b1964e435111cf0e5ee1eeabbbda2076ed624d053026d78c8a1d.css?body=1" for ::1 at 2021-01-07 10:39:49 -0800
Started GET "/" for ::1 at 2021-01-07 10:40:26 -0800
Processing by StaticPagesController#index as HTML
  Rendering static_pages/index.html.erb within layouts/application
  Rendered shared/_main_nav.html.erb (0.4ms)
  Rendered shared/_masthead.html.erb (0.5ms)
  Rendered shared/_sections_nav.html.erb (0.3ms)
  Rendered shared/_search_modal.html.erb (0.3ms)
  Rendered shared/_main_content.html.erb (0.4ms)
  Rendered static_pages/index.html.erb within layouts/application (10.1ms)
Completed 200 OK in 51ms (Views: 48.7ms | ActiveRecord: 0.0ms)


Started GET "/" for ::1 at 2021-01-07 10:42:12 -0800
Processing by StaticPagesController#index as HTML
  Rendering static_pages/index.html.erb within layouts/application
  Rendered shared/_main_nav.html.erb (0.4ms)
  Rendered shared/_masthead.html.erb (0.3ms)
  Rendered shared/_sections_nav.html.erb (0.3ms)
  Rendered shared/_search_modal.html.erb (0.4ms)
  Rendered shared/_main_content.html.erb (0.3ms)
  Rendered static_pages/index.html.erb within layouts/application (7.5ms)
Completed 200 OK in 32ms (Views: 31.5ms | ActiveRecord: 0.0ms)


Started GET "/" for ::1 at 2021-01-07 10:45:58 -0800
Processing by StaticPagesController#index as HTML
  Rendering static_pages/index.html.erb within layouts/application
  Rendered shared/_main_nav.html.erb (0.6ms)
  Rendered shared/_masthead.html.erb (0.4ms)
  Rendered shared/_sections_nav.html.erb (0.4ms)
  Rendered shared/_search_modal.html.erb (4.5ms)
  Rendered shared/_main_content.html.erb (0.6ms)
  Rendered static_pages/index.html.erb within layouts/application (15.6ms)
Completed 500 Internal Server Error in 105ms (ActiveRecord: 0.0ms)



Sass::SyntaxError - Invalid CSS after "	border-color": expected ";", was ":":
  app/views/layouts/application.html.erb:7:in `_app_views_layouts_application_html_erb__300441839945868915_70248586395600'

Started POST "/__better_errors/6ec88591e8ddd021/variables" for ::1 at 2021-01-07 10:45:59 -0800
Started GET "/" for ::1 at 2021-01-07 10:46:06 -0800
Processing by StaticPagesController#index as HTML
  Rendering static_pages/index.html.erb within layouts/application
  Rendered shared/_main_nav.html.erb (0.4ms)
  Rendered shared/_masthead.html.erb (0.3ms)
  Rendered shared/_sections_nav.html.erb (0.3ms)
  Rendered shared/_search_modal.html.erb (0.3ms)
  Rendered shared/_main_content.html.erb (0.4ms)
  Rendered static_pages/index.html.erb within layouts/application (16.3ms)
Completed 200 OK in 248ms (Views: 246.8ms | ActiveRecord: 0.0ms)


Started GET "/assets/application.self-4c006c409ed70ce8cb22464ae00ae16988a1b7b69ad008b11c5b043cfcf98f28.css?body=1" for ::1 at 2021-01-07 10:46:07 -0800
Started GET "/" for ::1 at 2021-01-07 10:46:54 -0800
Processing by StaticPagesController#index as HTML
  Rendering static_pages/index.html.erb within layouts/application
  Rendered shared/_main_nav.html.erb (0.6ms)
  Rendered shared/_masthead.html.erb (1.6ms)
  Rendered shared/_sections_nav.html.erb (0.8ms)
  Rendered shared/_search_modal.html.erb (0.4ms)
  Rendered shared/_main_content.html.erb (0.7ms)
  Rendered static_pages/index.html.erb within layouts/application (22.3ms)
Completed 500 Internal Server Error in 83ms (ActiveRecord: 0.0ms)



Sass::SyntaxError - Invalid CSS after "	font-weight": expected ";", was ":":
  app/views/layouts/application.html.erb:7:in `_app_views_layouts_application_html_erb__300441839945868915_70248732668340'

Started POST "/__better_errors/d1c35aa3d4d978e6/variables" for ::1 at 2021-01-07 10:46:54 -0800
Started GET "/" for ::1 at 2021-01-07 10:47:05 -0800
Processing by StaticPagesController#index as HTML
  Rendering static_pages/index.html.erb within layouts/application
  Rendered shared/_main_nav.html.erb (0.6ms)
  Rendered shared/_masthead.html.erb (0.4ms)
  Rendered shared/_sections_nav.html.erb (0.7ms)
  Rendered shared/_search_modal.html.erb (0.6ms)
  Rendered shared/_main_content.html.erb (0.5ms)
  Rendered static_pages/index.html.erb within layouts/application (16.9ms)
Completed 200 OK in 317ms (Views: 316.3ms | ActiveRecord: 0.0ms)


Started GET "/assets/application.self-080af556b800b79de0e2c425ddb724bcb58735a445c688c06957850f7f06d321.css?body=1" for ::1 at 2021-01-07 10:47:05 -0800
Started GET "/" for ::1 at 2021-01-07 10:53:55 -0800
Processing by StaticPagesController#index as HTML
  Rendering static_pages/index.html.erb within layouts/application
  Rendered shared/_main_nav.html.erb (0.4ms)
  Rendered shared/_masthead.html.erb (2.8ms)
  Rendered shared/_sections_nav.html.erb (0.3ms)
  Rendered shared/_search_modal.html.erb (0.4ms)
  Rendered shared/_main_content.html.erb (0.4ms)
  Rendered static_pages/index.html.erb within layouts/application (14.6ms)
Completed 500 Internal Server Error in 138ms (ActiveRecord: 0.0ms)



Sass::SyntaxError - Invalid CSS after "button": expected ";", was ":hover {":
  app/views/layouts/application.html.erb:7:in `_app_views_layouts_application_html_erb__300441839945868915_70248731925240'

Started POST "/__better_errors/c179b14902ca066e/variables" for ::1 at 2021-01-07 10:53:55 -0800
Started GET "/" for ::1 at 2021-01-07 10:54:04 -0800
Processing by StaticPagesController#index as HTML
  Rendering static_pages/index.html.erb within layouts/application
  Rendered shared/_main_nav.html.erb (0.2ms)
  Rendered shared/_masthead.html.erb (0.3ms)
  Rendered shared/_sections_nav.html.erb (0.4ms)
  Rendered shared/_search_modal.html.erb (0.3ms)
  Rendered shared/_main_content.html.erb (0.3ms)
  Rendered static_pages/index.html.erb within layouts/application (7.1ms)
Completed 500 Internal Server Error in 55ms (ActiveRecord: 0.0ms)



Sass::SyntaxError - Invalid CSS after "}": expected "}", was "":
  app/views/layouts/application.html.erb:7:in `_app_views_layouts_application_html_erb__300441839945868915_70248552678980'

Started POST "/__better_errors/4622ea9f86851458/variables" for ::1 at 2021-01-07 10:54:05 -0800
Started GET "/" for ::1 at 2021-01-07 10:54:16 -0800
Processing by StaticPagesController#index as HTML
  Rendering static_pages/index.html.erb within layouts/application
  Rendered shared/_main_nav.html.erb (0.2ms)
  Rendered shared/_masthead.html.erb (0.3ms)
  Rendered shared/_sections_nav.html.erb (0.2ms)
  Rendered shared/_search_modal.html.erb (0.4ms)
  Rendered shared/_main_content.html.erb (0.9ms)
  Rendered static_pages/index.html.erb within layouts/application (7.5ms)
Completed 200 OK in 155ms (Views: 154.2ms | ActiveRecord: 0.0ms)


Started GET "/assets/application.self-5014270159a14212342299774cdf3e0e8a83410de65d3323235599a4fc609193.css?body=1" for ::1 at 2021-01-07 10:54:17 -0800
Started GET "/" for ::1 at 2021-01-07 10:54:37 -0800
Processing by StaticPagesController#index as HTML
  Rendering static_pages/index.html.erb within layouts/application
  Rendered shared/_main_nav.html.erb (0.7ms)
  Rendered shared/_masthead.html.erb (0.5ms)
  Rendered shared/_sections_nav.html.erb (0.7ms)
  Rendered shared/_search_modal.html.erb (1.1ms)
  Rendered shared/_main_content.html.erb (0.3ms)
  Rendered static_pages/index.html.erb within layouts/application (11.9ms)
Completed 200 OK in 192ms (Views: 191.2ms | ActiveRecord: 0.0ms)


Started GET "/assets/application.self-d11db710e44dbacc41e2da86f9821fd1945ee006b0fd8b5c9e06ce6a798831fc.css?body=1" for ::1 at 2021-01-07 10:54:37 -0800
Started GET "/" for ::1 at 2021-01-07 10:54:49 -0800
Processing by StaticPagesController#index as HTML
  Rendering static_pages/index.html.erb within layouts/application
  Rendered shared/_main_nav.html.erb (0.4ms)
  Rendered shared/_masthead.html.erb (0.7ms)
  Rendered shared/_sections_nav.html.erb (0.2ms)
  Rendered shared/_search_modal.html.erb (0.3ms)
  Rendered shared/_main_content.html.erb (0.2ms)
  Rendered static_pages/index.html.erb within layouts/application (10.8ms)
Completed 200 OK in 197ms (Views: 194.9ms | ActiveRecord: 0.0ms)


Started GET "/assets/application.self-1df63cff5d04b68a163d9bdad76695408ce1e79e8528f76aac76f9001856f0c9.css?body=1" for ::1 at 2021-01-07 10:54:49 -0800
Started GET "/" for ::1 at 2021-01-07 10:54:54 -0800
Processing by StaticPagesController#index as HTML
  Rendering static_pages/index.html.erb within layouts/application
  Rendered shared/_main_nav.html.erb (0.5ms)
  Rendered shared/_masthead.html.erb (0.4ms)
  Rendered shared/_sections_nav.html.erb (0.5ms)
  Rendered shared/_search_modal.html.erb (0.5ms)
  Rendered shared/_main_content.html.erb (0.3ms)
  Rendered static_pages/index.html.erb within layouts/application (15.7ms)
Completed 200 OK in 177ms (Views: 176.4ms | ActiveRecord: 0.0ms)


Started GET "/assets/application.self-76c84fd16fc3e6e20582e83f4c23cb347e96faaee9f64baf849bb7b10154958f.css?body=1" for ::1 at 2021-01-07 10:54:54 -0800
Started GET "/" for ::1 at 2021-01-07 10:56:35 -0800
Processing by StaticPagesController#index as HTML
  Rendering static_pages/index.html.erb within layouts/application
  Rendered shared/_main_nav.html.erb (0.4ms)
  Rendered shared/_masthead.html.erb (0.3ms)
  Rendered shared/_sections_nav.html.erb (0.3ms)
  Rendered shared/_search_modal.html.erb (0.4ms)
  Rendered shared/_main_content.html.erb (0.4ms)
  Rendered static_pages/index.html.erb within layouts/application (7.2ms)
Completed 500 Internal Server Error in 93ms (ActiveRecord: 0.0ms)



Sass::SyntaxError - Undefined variable: "$arial".:
  app/views/layouts/application.html.erb:7:in `_app_views_layouts_application_html_erb__300441839945868915_70248734541300'

Started POST "/__better_errors/70b49726bb36250d/variables" for ::1 at 2021-01-07 10:56:35 -0800
Started GET "/" for ::1 at 2021-01-07 10:57:12 -0800
Processing by StaticPagesController#index as HTML
  Rendering static_pages/index.html.erb within layouts/application
  Rendered shared/_main_nav.html.erb (0.4ms)
  Rendered shared/_masthead.html.erb (0.3ms)
  Rendered shared/_sections_nav.html.erb (0.4ms)
  Rendered shared/_search_modal.html.erb (0.4ms)
  Rendered shared/_main_content.html.erb (1.1ms)
  Rendered static_pages/index.html.erb within layouts/application (8.0ms)
Completed 200 OK in 166ms (Views: 164.9ms | ActiveRecord: 0.0ms)


Started GET "/assets/application.self-c4eeae3e12b0f5db5b5e6064610d16e6ef862d433c3473674e90fdfe8baaf08d.css?body=1" for ::1 at 2021-01-07 10:57:13 -0800
Started GET "/" for ::1 at 2021-01-07 10:57:42 -0800
Processing by StaticPagesController#index as HTML
  Rendering static_pages/index.html.erb within layouts/application
  Rendered shared/_main_nav.html.erb (0.3ms)
  Rendered shared/_masthead.html.erb (0.4ms)
  Rendered shared/_sections_nav.html.erb (0.3ms)
  Rendered shared/_search_modal.html.erb (0.4ms)
  Rendered shared/_main_content.html.erb (0.4ms)
  Rendered static_pages/index.html.erb within layouts/application (7.3ms)
Completed 200 OK in 187ms (Views: 185.4ms | ActiveRecord: 0.0ms)


Started GET "/assets/application.self-ce36df59d0302682ad0f1d42eefcde0747a4bbf3f9bc7c46849c4384a66921e6.css?body=1" for ::1 at 2021-01-07 10:57:42 -0800
Started GET "/" for ::1 at 2021-01-07 10:58:15 -0800
Processing by StaticPagesController#index as HTML
  Rendering static_pages/index.html.erb within layouts/application
  Rendered shared/_main_nav.html.erb (0.3ms)
  Rendered shared/_masthead.html.erb (0.9ms)
  Rendered shared/_sections_nav.html.erb (1.7ms)
  Rendered shared/_search_modal.html.erb (0.4ms)
  Rendered shared/_main_content.html.erb (0.4ms)
  Rendered static_pages/index.html.erb within layouts/application (11.1ms)
Completed 200 OK in 50ms (Views: 49.2ms | ActiveRecord: 0.0ms)


Started GET "/" for ::1 at 2021-01-07 10:58:29 -0800
Processing by StaticPagesController#index as HTML
  Rendering static_pages/index.html.erb within layouts/application
  Rendered shared/_main_nav.html.erb (1.1ms)
  Rendered shared/_masthead.html.erb (0.5ms)
  Rendered shared/_sections_nav.html.erb (0.5ms)
  Rendered shared/_search_modal.html.erb (0.5ms)
  Rendered shared/_main_content.html.erb (0.5ms)
  Rendered static_pages/index.html.erb within layouts/application (21.4ms)
Completed 200 OK in 204ms (Views: 203.2ms | ActiveRecord: 0.0ms)


Started GET "/assets/application.self-3470679616b15ced97c492257ae54b9202341fa4f2c892ed8faea4ee9ee06265.css?body=1" for ::1 at 2021-01-07 10:58:30 -0800
Started GET "/" for ::1 at 2021-01-07 11:00:02 -0800
Processing by StaticPagesController#index as HTML
  Rendering static_pages/index.html.erb within layouts/application
  Rendered shared/_main_nav.html.erb (0.5ms)
  Rendered shared/_masthead.html.erb (1.1ms)
  Rendered shared/_sections_nav.html.erb (0.4ms)
  Rendered shared/_search_modal.html.erb (0.3ms)
  Rendered shared/_main_content.html.erb (0.4ms)
  Rendered static_pages/index.html.erb within layouts/application (19.2ms)
Completed 200 OK in 229ms (Views: 227.7ms | ActiveRecord: 0.0ms)


Started GET "/assets/application.self-665ef492e40ace56414ea0d22280f9e2629679d153417361653e22083404e6b8.css?body=1" for ::1 at 2021-01-07 11:00:03 -0800
Started GET "/" for ::1 at 2021-01-07 11:00:14 -0800
Processing by StaticPagesController#index as HTML
  Rendering static_pages/index.html.erb within layouts/application
  Rendered shared/_main_nav.html.erb (1.1ms)
  Rendered shared/_masthead.html.erb (0.7ms)
  Rendered shared/_sections_nav.html.erb (0.8ms)
  Rendered shared/_search_modal.html.erb (0.5ms)
  Rendered shared/_main_content.html.erb (0.6ms)
  Rendered static_pages/index.html.erb within layouts/application (20.4ms)
Completed 200 OK in 268ms (Views: 266.7ms | ActiveRecord: 0.0ms)


Started GET "/assets/application.self-3936ecd22c7fa1cf13e5d8e1e26778db59ca9473e41b19f17dc165017ec90212.css?body=1" for ::1 at 2021-01-07 11:00:15 -0800
Started GET "/" for ::1 at 2021-01-07 11:03:40 -0800
Processing by StaticPagesController#index as HTML
  Rendering static_pages/index.html.erb within layouts/application
  Rendered shared/_main_nav.html.erb (4.3ms)
  Rendered shared/_masthead.html.erb (0.7ms)
  Rendered shared/_sections_nav.html.erb (0.3ms)
  Rendered shared/_search_modal.html.erb (0.4ms)
  Rendered shared/_main_content.html.erb (0.6ms)
  Rendered static_pages/index.html.erb within layouts/application (13.0ms)
Completed 200 OK in 163ms (Views: 161.1ms | ActiveRecord: 0.0ms)


Started GET "/assets/application.self-1b45d5e94294bd0ab6c7fa35c15e0a79ff88ef9387577bd53ffabfa8b7b4d562.css?body=1" for ::1 at 2021-01-07 11:03:40 -0800
Started GET "/" for ::1 at 2021-01-07 11:10:00 -0800
Processing by StaticPagesController#index as HTML
  Rendering static_pages/index.html.erb within layouts/application
  Rendered shared/_main_nav.html.erb (0.4ms)
  Rendered shared/_masthead.html.erb (0.3ms)
  Rendered shared/_sections_nav.html.erb (1.1ms)
  Rendered shared/_search_modal.html.erb (1.3ms)
  Rendered shared/_main_content.html.erb (1.5ms)
  Rendered static_pages/index.html.erb within layouts/application (16.4ms)
Completed 200 OK in 230ms (Views: 227.2ms | ActiveRecord: 0.0ms)


Started GET "/assets/application.self-eed1e423db1c333c1ecb120f56d7271c665bfc65df924349eb46d464f07fc9ed.css?body=1" for ::1 at 2021-01-07 11:10:01 -0800
Started GET "/" for ::1 at 2021-01-07 11:10:24 -0800
Processing by StaticPagesController#index as HTML
  Rendering static_pages/index.html.erb within layouts/application
  Rendered shared/_main_nav.html.erb (0.8ms)
  Rendered shared/_masthead.html.erb (0.4ms)
  Rendered shared/_sections_nav.html.erb (0.6ms)
  Rendered shared/_search_modal.html.erb (0.4ms)
  Rendered shared/_main_content.html.erb (0.4ms)
  Rendered static_pages/index.html.erb within layouts/application (17.5ms)
Completed 200 OK in 194ms (Views: 192.6ms | ActiveRecord: 0.0ms)


Started GET "/assets/application.self-e39474496d5f5cb5e15961e4adb715a6a11eecaf8a14e9a84b0f0d302a87ca20.css?body=1" for ::1 at 2021-01-07 11:10:25 -0800
Started GET "/" for ::1 at 2021-01-07 11:10:36 -0800
Processing by StaticPagesController#index as HTML
  Rendering static_pages/index.html.erb within layouts/application
  Rendered shared/_main_nav.html.erb (0.7ms)
  Rendered shared/_masthead.html.erb (0.4ms)
  Rendered shared/_sections_nav.html.erb (0.4ms)
  Rendered shared/_search_modal.html.erb (0.4ms)
  Rendered shared/_main_content.html.erb (0.4ms)
  Rendered static_pages/index.html.erb within layouts/application (17.0ms)
Completed 200 OK in 175ms (Views: 173.7ms | ActiveRecord: 0.0ms)


Started GET "/assets/application.self-08f01d2d8c74f9fdd0abae9641e7741c534045f751433e575c80c23eced394d2.css?body=1" for ::1 at 2021-01-07 11:10:36 -0800
Started GET "/" for ::1 at 2021-01-07 11:10:45 -0800
Processing by StaticPagesController#index as HTML
  Rendering static_pages/index.html.erb within layouts/application
  Rendered shared/_main_nav.html.erb (1.2ms)
  Rendered shared/_masthead.html.erb (0.9ms)
  Rendered shared/_sections_nav.html.erb (0.5ms)
  Rendered shared/_search_modal.html.erb (0.6ms)
  Rendered shared/_main_content.html.erb (0.6ms)
  Rendered static_pages/index.html.erb within layouts/application (18.9ms)
Completed 200 OK in 50ms (Views: 49.4ms | ActiveRecord: 0.0ms)


Started GET "/" for ::1 at 2021-01-07 11:10:51 -0800
Processing by StaticPagesController#index as HTML
  Rendering static_pages/index.html.erb within layouts/application
  Rendered shared/_main_nav.html.erb (0.7ms)
  Rendered shared/_masthead.html.erb (1.0ms)
  Rendered shared/_sections_nav.html.erb (0.7ms)
  Rendered shared/_search_modal.html.erb (0.4ms)
  Rendered shared/_main_content.html.erb (0.4ms)
  Rendered static_pages/index.html.erb within layouts/application (19.3ms)
Completed 200 OK in 112ms (Views: 111.3ms | ActiveRecord: 0.0ms)


Started GET "/" for ::1 at 2021-01-07 11:11:14 -0800
Processing by StaticPagesController#index as HTML
  Rendering static_pages/index.html.erb within layouts/application
  Rendered shared/_main_nav.html.erb (0.5ms)
  Rendered shared/_masthead.html.erb (0.4ms)
  Rendered shared/_sections_nav.html.erb (0.2ms)
  Rendered shared/_search_modal.html.erb (0.2ms)
  Rendered shared/_main_content.html.erb (0.4ms)
  Rendered static_pages/index.html.erb within layouts/application (10.2ms)
Completed 200 OK in 171ms (Views: 170.0ms | ActiveRecord: 0.0ms)


Started GET "/assets/application.self-d1612b9386fe0660326c5f3a7f3e60f4cc31be0af65618700c2b60d54ad074c4.css?body=1" for ::1 at 2021-01-07 11:11:14 -0800
Started GET "/" for ::1 at 2021-01-07 11:11:26 -0800
Processing by StaticPagesController#index as HTML
  Rendering static_pages/index.html.erb within layouts/application
  Rendered shared/_main_nav.html.erb (0.2ms)
  Rendered shared/_masthead.html.erb (0.5ms)
  Rendered shared/_sections_nav.html.erb (0.4ms)
  Rendered shared/_search_modal.html.erb (0.2ms)
  Rendered shared/_main_content.html.erb (0.6ms)
  Rendered static_pages/index.html.erb within layouts/application (9.5ms)
Completed 200 OK in 127ms (Views: 125.7ms | ActiveRecord: 0.0ms)


Started GET "/assets/application.self-0218915016b8d0289ab833fca274b0b75f52170af4b85a00bfd100112c18c111.css?body=1" for ::1 at 2021-01-07 11:11:26 -0800
Started GET "/" for ::1 at 2021-01-07 11:13:59 -0800
Processing by StaticPagesController#index as HTML
  Rendering static_pages/index.html.erb within layouts/application
  Rendered shared/_main_nav.html.erb (0.3ms)
  Rendered shared/_masthead.html.erb (0.4ms)
  Rendered shared/_sections_nav.html.erb (0.4ms)
  Rendered shared/_search_modal.html.erb (0.4ms)
  Rendered shared/_main_content.html.erb (0.3ms)
  Rendered static_pages/index.html.erb within layouts/application (6.8ms)
Completed 500 Internal Server Error in 81ms (ActiveRecord: 0.0ms)



Sass::SyntaxError - Invalid CSS after "      font-size": expected ";", was ":":
  app/views/layouts/application.html.erb:7:in `_app_views_layouts_application_html_erb__300441839945868915_70248727640320'

Started POST "/__better_errors/5811a3c2630e661b/variables" for ::1 at 2021-01-07 11:13:59 -0800
Started GET "/" for ::1 at 2021-01-07 11:14:51 -0800
Processing by StaticPagesController#index as HTML
  Rendering static_pages/index.html.erb within layouts/application
  Rendered shared/_main_nav.html.erb (0.6ms)
  Rendered shared/_masthead.html.erb (0.4ms)
  Rendered shared/_sections_nav.html.erb (0.2ms)
  Rendered shared/_search_modal.html.erb (0.2ms)
  Rendered shared/_main_content.html.erb (1.1ms)
  Rendered static_pages/index.html.erb within layouts/application (14.8ms)
Completed 200 OK in 165ms (Views: 162.3ms | ActiveRecord: 0.0ms)


Started GET "/assets/application.self-e3429d03ccfc94a18d16cff9c588b76f5a1bc17111f6c1c42bef37cf53ef564c.css?body=1" for ::1 at 2021-01-07 11:14:51 -0800
Started GET "/" for ::1 at 2021-01-07 11:15:01 -0800
Processing by StaticPagesController#index as HTML
  Rendering static_pages/index.html.erb within layouts/application
  Rendered shared/_main_nav.html.erb (0.3ms)
  Rendered shared/_masthead.html.erb (0.4ms)
  Rendered shared/_sections_nav.html.erb (0.5ms)
  Rendered shared/_search_modal.html.erb (0.7ms)
  Rendered shared/_main_content.html.erb (0.6ms)
  Rendered static_pages/index.html.erb within layouts/application (14.2ms)
Completed 200 OK in 223ms (Views: 222.2ms | ActiveRecord: 0.0ms)


Started GET "/assets/application.self-9ea392a75d6b58b04c5d59bf2893a75bbc781d4030f832f89915728c2365d320.css?body=1" for ::1 at 2021-01-07 11:15:01 -0800
Started GET "/" for ::1 at 2021-01-07 11:15:07 -0800
Processing by StaticPagesController#index as HTML
  Rendering static_pages/index.html.erb within layouts/application
  Rendered shared/_main_nav.html.erb (2.9ms)
  Rendered shared/_masthead.html.erb (0.7ms)
  Rendered shared/_sections_nav.html.erb (0.5ms)
  Rendered shared/_search_modal.html.erb (0.4ms)
  Rendered shared/_main_content.html.erb (0.7ms)
  Rendered static_pages/index.html.erb within layouts/application (23.0ms)
Completed 200 OK in 70ms (Views: 69.3ms | ActiveRecord: 0.0ms)


Started GET "/" for ::1 at 2021-01-07 11:15:16 -0800
Processing by StaticPagesController#index as HTML
  Rendering static_pages/index.html.erb within layouts/application
  Rendered shared/_main_nav.html.erb (0.4ms)
  Rendered shared/_masthead.html.erb (0.2ms)
  Rendered shared/_sections_nav.html.erb (1.2ms)
  Rendered shared/_search_modal.html.erb (0.3ms)
  Rendered shared/_main_content.html.erb (1.4ms)
  Rendered static_pages/index.html.erb within layouts/application (10.0ms)
Completed 200 OK in 180ms (Views: 178.9ms | ActiveRecord: 0.0ms)


Started GET "/assets/application.self-85f10a729809bd5fff159224a3f022d4abf7a360afb659734bf2b9ce91db58ad.css?body=1" for ::1 at 2021-01-07 11:15:17 -0800
Started GET "/" for ::1 at 2021-01-07 11:20:50 -0800
Processing by StaticPagesController#index as HTML
  Rendering static_pages/index.html.erb within layouts/application
  Rendered shared/_main_nav.html.erb (0.6ms)
  Rendered shared/_masthead.html.erb (0.7ms)
  Rendered shared/_sections_nav.html.erb (0.4ms)
  Rendered shared/_search_modal.html.erb (0.6ms)
  Rendered shared/_main_content.html.erb (0.5ms)
  Rendered static_pages/index.html.erb within layouts/application (11.4ms)
Completed 200 OK in 194ms (Views: 192.9ms | ActiveRecord: 0.0ms)


Started GET "/assets/application.self-745c7fcfa42cb712cc7fd97115d76d35a5c57123f711aba6a73e2bd37e3870d4.css?body=1" for ::1 at 2021-01-07 11:20:50 -0800
Started GET "/" for ::1 at 2021-01-07 11:21:02 -0800
Processing by StaticPagesController#index as HTML
  Rendering static_pages/index.html.erb within layouts/application
  Rendered shared/_main_nav.html.erb (0.3ms)
  Rendered shared/_masthead.html.erb (0.4ms)
  Rendered shared/_sections_nav.html.erb (0.3ms)
  Rendered shared/_search_modal.html.erb (0.4ms)
  Rendered shared/_main_content.html.erb (3.7ms)
  Rendered static_pages/index.html.erb within layouts/application (11.5ms)
Completed 200 OK in 216ms (Views: 215.1ms | ActiveRecord: 0.0ms)


Started GET "/assets/application.self-26f1a81ca609574b7f019f858d3e48afc412dd611f937a86af3c9991054230ac.css?body=1" for ::1 at 2021-01-07 11:21:02 -0800
Started GET "/" for ::1 at 2021-01-07 11:21:08 -0800
Processing by StaticPagesController#index as HTML
  Rendering static_pages/index.html.erb within layouts/application
  Rendered shared/_main_nav.html.erb (0.5ms)
  Rendered shared/_masthead.html.erb (0.4ms)
  Rendered shared/_sections_nav.html.erb (3.2ms)
  Rendered shared/_search_modal.html.erb (0.3ms)
  Rendered shared/_main_content.html.erb (0.4ms)
  Rendered static_pages/index.html.erb within layouts/application (13.2ms)
Completed 200 OK in 43ms (Views: 42.1ms | ActiveRecord: 0.0ms)


Started GET "/" for ::1 at 2021-01-07 11:21:26 -0800
Processing by StaticPagesController#index as HTML
  Rendering static_pages/index.html.erb within layouts/application
  Rendered shared/_main_nav.html.erb (0.4ms)
  Rendered shared/_masthead.html.erb (0.9ms)
  Rendered shared/_sections_nav.html.erb (0.4ms)
  Rendered shared/_search_modal.html.erb (0.6ms)
  Rendered shared/_main_content.html.erb (0.5ms)
  Rendered static_pages/index.html.erb within layouts/application (16.9ms)
Completed 200 OK in 184ms (Views: 183.5ms | ActiveRecord: 0.0ms)


Started GET "/assets/application.self-4b4eb4d99cae97a17c9308e5c75938ea83bfe2a65b32d74ff02e0fa0cdfb1fee.css?body=1" for ::1 at 2021-01-07 11:21:26 -0800
Started GET "/" for ::1 at 2021-01-07 11:21:36 -0800
Processing by StaticPagesController#index as HTML
  Rendering static_pages/index.html.erb within layouts/application
  Rendered shared/_main_nav.html.erb (0.3ms)
  Rendered shared/_masthead.html.erb (0.4ms)
  Rendered shared/_sections_nav.html.erb (0.3ms)
  Rendered shared/_search_modal.html.erb (0.4ms)
  Rendered shared/_main_content.html.erb (0.5ms)
  Rendered static_pages/index.html.erb within layouts/application (7.6ms)
Completed 200 OK in 129ms (Views: 128.7ms | ActiveRecord: 0.0ms)


Started GET "/assets/application.self-03ca36a0e193fdde43b40a056f912f3824df9b50c6245819c6c10156d161278a.css?body=1" for ::1 at 2021-01-07 11:21:36 -0800
Started GET "/" for ::1 at 2021-01-07 11:21:43 -0800
Processing by StaticPagesController#index as HTML
  Rendering static_pages/index.html.erb within layouts/application
  Rendered shared/_main_nav.html.erb (0.6ms)
  Rendered shared/_masthead.html.erb (0.4ms)
  Rendered shared/_sections_nav.html.erb (0.7ms)
  Rendered shared/_search_modal.html.erb (0.9ms)
  Rendered shared/_main_content.html.erb (0.6ms)
  Rendered static_pages/index.html.erb within layouts/application (13.1ms)
Completed 200 OK in 58ms (Views: 57.0ms | ActiveRecord: 0.0ms)


Started GET "/" for ::1 at 2021-01-07 11:21:49 -0800
Processing by StaticPagesController#index as HTML
  Rendering static_pages/index.html.erb within layouts/application
  Rendered shared/_main_nav.html.erb (0.3ms)
  Rendered shared/_masthead.html.erb (0.3ms)
  Rendered shared/_sections_nav.html.erb (1.5ms)
  Rendered shared/_search_modal.html.erb (0.4ms)
  Rendered shared/_main_content.html.erb (0.3ms)
  Rendered static_pages/index.html.erb within layouts/application (8.9ms)
Completed 200 OK in 39ms (Views: 37.1ms | ActiveRecord: 0.0ms)


Started GET "/" for ::1 at 2021-01-07 11:21:56 -0800
Processing by StaticPagesController#index as HTML
  Rendering static_pages/index.html.erb within layouts/application
  Rendered shared/_main_nav.html.erb (0.5ms)
  Rendered shared/_masthead.html.erb (0.3ms)
  Rendered shared/_sections_nav.html.erb (0.5ms)
  Rendered shared/_search_modal.html.erb (2.1ms)
  Rendered shared/_main_content.html.erb (0.4ms)
  Rendered static_pages/index.html.erb within layouts/application (12.6ms)
Completed 200 OK in 162ms (Views: 161.2ms | ActiveRecord: 0.0ms)


Started GET "/assets/application.self-514bce01ffadcc51db9f448831ce5ece8d281f50e4097684c280f4c45e5fd5d4.css?body=1" for ::1 at 2021-01-07 11:21:56 -0800
Started GET "/" for ::1 at 2021-01-07 11:22:03 -0800
Processing by StaticPagesController#index as HTML
  Rendering static_pages/index.html.erb within layouts/application
  Rendered shared/_main_nav.html.erb (0.3ms)
  Rendered shared/_masthead.html.erb (0.3ms)
  Rendered shared/_sections_nav.html.erb (0.4ms)
  Rendered shared/_search_modal.html.erb (0.4ms)
  Rendered shared/_main_content.html.erb (0.4ms)
  Rendered static_pages/index.html.erb within layouts/application (7.9ms)
Completed 200 OK in 39ms (Views: 38.2ms | ActiveRecord: 0.0ms)


Started GET "/" for ::1 at 2021-01-07 11:23:06 -0800
Processing by StaticPagesController#index as HTML
  Rendering static_pages/index.html.erb within layouts/application
  Rendered shared/_main_nav.html.erb (0.4ms)
  Rendered shared/_masthead.html.erb (0.6ms)
  Rendered shared/_sections_nav.html.erb (0.6ms)
  Rendered shared/_search_modal.html.erb (0.4ms)
  Rendered shared/_main_content.html.erb (0.3ms)
  Rendered static_pages/index.html.erb within layouts/application (15.9ms)
Completed 200 OK in 176ms (Views: 174.7ms | ActiveRecord: 0.0ms)


Started GET "/assets/application.self-1acbb7b5a8ad374bd0461ef12ce2f7ebf54917ce99b05cf72f4f484106a4aefd.css?body=1" for ::1 at 2021-01-07 11:23:06 -0800
Started GET "/" for ::1 at 2021-01-07 11:23:09 -0800
Processing by StaticPagesController#index as HTML
  Rendering static_pages/index.html.erb within layouts/application
  Rendered shared/_main_nav.html.erb (0.7ms)
  Rendered shared/_masthead.html.erb (0.5ms)
  Rendered shared/_sections_nav.html.erb (0.4ms)
  Rendered shared/_search_modal.html.erb (0.4ms)
  Rendered shared/_main_content.html.erb (0.4ms)
  Rendered static_pages/index.html.erb within layouts/application (17.6ms)
Completed 200 OK in 51ms (Views: 50.1ms | ActiveRecord: 0.0ms)


Started GET "/" for ::1 at 2021-01-07 11:23:31 -0800
Processing by StaticPagesController#index as HTML
  Rendering static_pages/index.html.erb within layouts/application
  Rendered shared/_main_nav.html.erb (0.4ms)
  Rendered shared/_masthead.html.erb (0.6ms)
  Rendered shared/_sections_nav.html.erb (9.5ms)
  Rendered shared/_search_modal.html.erb (0.4ms)
  Rendered shared/_main_content.html.erb (0.4ms)
  Rendered static_pages/index.html.erb within layouts/application (18.0ms)
Completed 200 OK in 207ms (Views: 206.5ms | ActiveRecord: 0.0ms)


Started GET "/assets/application.self-a0f3a645ce8f4b5294643c6798b5384a5659faa1faeeef5f3db83a472ce3ce7f.css?body=1" for ::1 at 2021-01-07 11:23:32 -0800
Started GET "/" for ::1 at 2021-01-07 11:23:48 -0800
Processing by StaticPagesController#index as HTML
  Rendering static_pages/index.html.erb within layouts/application
  Rendered shared/_main_nav.html.erb (0.5ms)
  Rendered shared/_masthead.html.erb (0.4ms)
  Rendered shared/_sections_nav.html.erb (0.4ms)
  Rendered shared/_search_modal.html.erb (0.3ms)
  Rendered shared/_main_content.html.erb (0.7ms)
  Rendered static_pages/index.html.erb within layouts/application (9.7ms)
Completed 200 OK in 190ms (Views: 189.0ms | ActiveRecord: 0.0ms)


Started GET "/assets/application.self-29172285462591ffe95e6a28e7bc4996547fb7b108c17c9a370b08894dd9dd58.css?body=1" for ::1 at 2021-01-07 11:23:48 -0800
Started GET "/" for ::1 at 2021-01-07 11:23:56 -0800
Processing by StaticPagesController#index as HTML
  Rendering static_pages/index.html.erb within layouts/application
  Rendered shared/_main_nav.html.erb (0.5ms)
  Rendered shared/_masthead.html.erb (0.4ms)
  Rendered shared/_sections_nav.html.erb (0.9ms)
  Rendered shared/_search_modal.html.erb (1.1ms)
  Rendered shared/_main_content.html.erb (0.6ms)
  Rendered static_pages/index.html.erb within layouts/application (23.3ms)
Completed 200 OK in 224ms (Views: 223.5ms | ActiveRecord: 0.0ms)


Started GET "/assets/application.self-6afd34bca2093e3e369fb25191f56f621fad8ced9c852b0b77f693149029e6fe.css?body=1" for ::1 at 2021-01-07 11:23:57 -0800
Started GET "/" for ::1 at 2021-01-07 11:25:23 -0800
Processing by StaticPagesController#index as HTML
  Rendering static_pages/index.html.erb within layouts/application
  Rendered shared/_main_nav.html.erb (0.4ms)
  Rendered shared/_masthead.html.erb (0.4ms)
  Rendered shared/_sections_nav.html.erb (0.5ms)
  Rendered shared/_search_modal.html.erb (0.6ms)
  Rendered shared/_main_content.html.erb (0.3ms)
  Rendered static_pages/index.html.erb within layouts/application (7.5ms)
Completed 200 OK in 202ms (Views: 201.3ms | ActiveRecord: 0.0ms)


Started GET "/assets/application.self-a19cc7c7bb34d3ad14895b64eecfb3fe6858a72e0a09fe25bc0c3c6d1ecabbb6.css?body=1" for ::1 at 2021-01-07 11:25:23 -0800
Started GET "/" for ::1 at 2021-01-07 11:26:34 -0800
Processing by StaticPagesController#index as HTML
  Rendering static_pages/index.html.erb within layouts/application
  Rendered shared/_main_nav.html.erb (0.5ms)
  Rendered shared/_masthead.html.erb (0.6ms)
  Rendered shared/_sections_nav.html.erb (0.3ms)
  Rendered shared/_search_modal.html.erb (0.5ms)
  Rendered shared/_main_content.html.erb (10.0ms)
  Rendered static_pages/index.html.erb within layouts/application (19.8ms)
Completed 200 OK in 282ms (Views: 280.4ms | ActiveRecord: 0.0ms)


Started GET "/assets/application.self-666f7dc54d915425d10f98fffd91f17119a0019fb7d4f313cbf65ca17395e743.css?body=1" for ::1 at 2021-01-07 11:26:35 -0800
Started GET "/" for ::1 at 2021-01-07 11:28:33 -0800
Processing by StaticPagesController#index as HTML
  Rendering static_pages/index.html.erb within layouts/application
  Rendered shared/_main_nav.html.erb (9.0ms)
  Rendered shared/_masthead.html.erb (0.5ms)
  Rendered shared/_sections_nav.html.erb (0.8ms)
  Rendered shared/_search_modal.html.erb (0.5ms)
  Rendered shared/_main_content.html.erb (0.7ms)
  Rendered static_pages/index.html.erb within layouts/application (21.2ms)
Completed 200 OK in 169ms (Views: 167.7ms | ActiveRecord: 0.0ms)


Started GET "/assets/application.self-4053c6d872a4c50a46437e02a3b8b9ff99718c5392d292bc1950025168592a9c.css?body=1" for ::1 at 2021-01-07 11:28:34 -0800
Started GET "/" for ::1 at 2021-01-07 11:28:46 -0800
Processing by StaticPagesController#index as HTML
  Rendering static_pages/index.html.erb within layouts/application
  Rendered shared/_main_nav.html.erb (3.8ms)
  Rendered shared/_masthead.html.erb (0.4ms)
  Rendered shared/_sections_nav.html.erb (0.6ms)
  Rendered shared/_search_modal.html.erb (0.4ms)
  Rendered shared/_main_content.html.erb (0.4ms)
  Rendered static_pages/index.html.erb within layouts/application (18.1ms)
Completed 200 OK in 213ms (Views: 211.7ms | ActiveRecord: 0.0ms)


Started GET "/assets/application.self-cba9e5da20b531c4d7e9083c315b437d9779aa005b72cddc70a7ad74821c6692.css?body=1" for ::1 at 2021-01-07 11:28:46 -0800
Started GET "/" for ::1 at 2021-01-07 13:35:02 -0800
DEPRECATION WARNING: ActiveRecord::Base.raise_in_transactional_callbacks= is deprecated, has no effect and will be removed without replacement. (called from block (3 levels) in <class:Railtie> at /home/michelle/.rbenv/versions/2.5.1/lib/ruby/gems/2.5.0/gems/activerecord-5.0.7.2/lib/active_record/railtie.rb:113)
Processing by StaticPagesController#index as HTML
  Rendering static_pages/index.html.erb within layouts/application
  Rendered shared/_main_nav.html.erb (0.6ms)
  Rendered shared/_masthead.html.erb (0.6ms)
  Rendered shared/_sections_nav.html.erb (0.7ms)
  Rendered shared/_search_modal.html.erb (0.5ms)
  Rendered shared/_main_content.html.erb (0.4ms)
  Rendered static_pages/index.html.erb within layouts/application (15.2ms)
Completed 200 OK in 452ms (Views: 446.2ms | ActiveRecord: 0.0ms)


Started GET "/assets/application.self-275100204ff3accef3033ef3b5b9d70701331c6fe951db002d2e1b18ea3d6000.css?body=1" for ::1 at 2021-01-07 13:35:03 -0800
Started GET "/assets/AA_Times_Logo.png" for ::1 at 2021-01-07 13:35:03 -0800
Started GET "/" for ::1 at 2021-01-07 13:41:48 -0800
Processing by StaticPagesController#index as HTML
  Rendering static_pages/index.html.erb within layouts/application
  Rendered shared/_main_nav.html.erb (0.7ms)
  Rendered shared/_masthead.html.erb (0.7ms)
  Rendered shared/_sections_nav.html.erb (0.3ms)
  Rendered shared/_search_modal.html.erb (0.4ms)
  Rendered shared/_main_content.html.erb (0.3ms)
  Rendered static_pages/index.html.erb within layouts/application (10.0ms)
Completed 200 OK in 188ms (Views: 187.0ms | ActiveRecord: 0.0ms)


Started GET "/assets/application.self-f3f4781421db046fdf9ea2d8596b14efcb5044f77a81675331b00c2ba6ddf953.css?body=1" for ::1 at 2021-01-07 13:41:48 -0800
Started GET "/assets/AA_Times_Logo.png" for ::1 at 2021-01-07 13:41:48 -0800
Started GET "/" for ::1 at 2021-01-07 13:43:21 -0800
Processing by StaticPagesController#index as HTML
  Rendering static_pages/index.html.erb within layouts/application
  Rendered shared/_main_nav.html.erb (0.6ms)
  Rendered shared/_masthead.html.erb (0.3ms)
  Rendered shared/_sections_nav.html.erb (0.2ms)
  Rendered shared/_search_modal.html.erb (0.8ms)
  Rendered shared/_main_content.html.erb (0.3ms)
  Rendered static_pages/index.html.erb within layouts/application (7.4ms)
Completed 200 OK in 30ms (Views: 28.6ms | ActiveRecord: 0.0ms)


Started GET "/assets/AA_Times_Logo.png" for ::1 at 2021-01-07 13:43:22 -0800
Started GET "/" for ::1 at 2021-01-07 13:43:46 -0800
Processing by StaticPagesController#index as HTML
  Rendering static_pages/index.html.erb within layouts/application
  Rendered shared/_main_nav.html.erb (0.4ms)
  Rendered shared/_masthead.html.erb (0.4ms)
  Rendered shared/_sections_nav.html.erb (2.4ms)
  Rendered shared/_search_modal.html.erb (0.3ms)
  Rendered shared/_main_content.html.erb (0.5ms)
  Rendered static_pages/index.html.erb within layouts/application (12.0ms)
Completed 200 OK in 47ms (Views: 46.3ms | ActiveRecord: 0.0ms)


Started GET "/assets/AA_Times_Logo.png" for ::1 at 2021-01-07 13:43:46 -0800
Started GET "/" for ::1 at 2021-01-07 13:45:56 -0800
Processing by StaticPagesController#index as HTML
  Rendering static_pages/index.html.erb within layouts/application
  Rendered shared/_main_nav.html.erb (0.4ms)
  Rendered shared/_masthead.html.erb (0.6ms)
  Rendered shared/_sections_nav.html.erb (0.6ms)
  Rendered shared/_search_modal.html.erb (0.4ms)
  Rendered shared/_main_content.html.erb (0.4ms)
  Rendered static_pages/index.html.erb within layouts/application (17.7ms)
Completed 200 OK in 47ms (Views: 45.8ms | ActiveRecord: 0.0ms)


Started GET "/assets/AA_Times_Logo.png" for ::1 at 2021-01-07 13:45:57 -0800
Started GET "/" for ::1 at 2021-01-07 13:48:31 -0800
Processing by StaticPagesController#index as HTML
  Rendering static_pages/index.html.erb within layouts/application
  Rendered shared/_main_nav.html.erb (0.9ms)
  Rendered shared/_masthead.html.erb (0.4ms)
  Rendered shared/_sections_nav.html.erb (0.3ms)
  Rendered shared/_search_modal.html.erb (0.4ms)
  Rendered shared/_main_content.html.erb (4.3ms)
  Rendered static_pages/index.html.erb within layouts/application (13.2ms)
Completed 200 OK in 213ms (Views: 211.9ms | ActiveRecord: 0.0ms)


Started GET "/assets/application.self-424e0e7d32e78c8eb13b373413eb197c9936b38b168848389f29ad4e9565532f.css?body=1" for ::1 at 2021-01-07 13:48:31 -0800
Started GET "/assets/AA_Times_Logo.png" for ::1 at 2021-01-07 13:48:31 -0800
Started GET "/" for ::1 at 2021-01-07 13:48:47 -0800
Processing by StaticPagesController#index as HTML
  Rendering static_pages/index.html.erb within layouts/application
  Rendered shared/_main_nav.html.erb (0.4ms)
  Rendered shared/_masthead.html.erb (0.4ms)
  Rendered shared/_sections_nav.html.erb (0.3ms)
  Rendered shared/_search_modal.html.erb (0.6ms)
  Rendered shared/_main_content.html.erb (0.4ms)
  Rendered static_pages/index.html.erb within layouts/application (11.3ms)
Completed 200 OK in 129ms (Views: 127.7ms | ActiveRecord: 0.0ms)


Started GET "/assets/application.self-5944560977fa8c785c28878d15c7021af5e2d81bcd03e37d50541b517649d240.css?body=1" for ::1 at 2021-01-07 13:48:47 -0800
Started GET "/assets/AA_Times_Logo.png" for ::1 at 2021-01-07 13:48:47 -0800
Started GET "/" for ::1 at 2021-01-07 13:50:15 -0800
Processing by StaticPagesController#index as HTML
  Rendering static_pages/index.html.erb within layouts/application
  Rendered shared/_main_nav.html.erb (0.3ms)
  Rendered shared/_masthead.html.erb (0.3ms)
  Rendered shared/_sections_nav.html.erb (1.4ms)
  Rendered shared/_search_modal.html.erb (0.4ms)
  Rendered shared/_main_content.html.erb (1.0ms)
  Rendered static_pages/index.html.erb within layouts/application (9.9ms)
Completed 200 OK in 49ms (Views: 48.0ms | ActiveRecord: 0.0ms)


Started GET "/assets/AA_Times_Logo.png" for ::1 at 2021-01-07 13:50:15 -0800
Started GET "/" for ::1 at 2021-01-07 13:50:21 -0800
Processing by StaticPagesController#index as HTML
  Rendering static_pages/index.html.erb within layouts/application
  Rendered shared/_main_nav.html.erb (0.6ms)
  Rendered shared/_masthead.html.erb (0.4ms)
  Rendered shared/_sections_nav.html.erb (0.9ms)
  Rendered shared/_search_modal.html.erb (0.4ms)
  Rendered shared/_main_content.html.erb (1.4ms)
  Rendered static_pages/index.html.erb within layouts/application (15.7ms)
Completed 200 OK in 42ms (Views: 40.9ms | ActiveRecord: 0.0ms)


Started GET "/assets/AA_Times_Logo.png" for ::1 at 2021-01-07 13:50:22 -0800
Started GET "/" for ::1 at 2021-01-07 13:52:51 -0800
Processing by StaticPagesController#index as HTML
  Rendering static_pages/index.html.erb within layouts/application
  Rendered shared/_main_nav.html.erb (0.8ms)
  Rendered shared/_masthead.html.erb (0.8ms)
  Rendered shared/_sections_nav.html.erb (0.5ms)
  Rendered shared/_search_modal.html.erb (0.4ms)
  Rendered shared/_main_content.html.erb (0.4ms)
  Rendered static_pages/index.html.erb within layouts/application (14.1ms)
Completed 200 OK in 42ms (Views: 40.8ms | ActiveRecord: 0.0ms)


Started GET "/assets/AA_Times_Logo.png" for ::1 at 2021-01-07 13:52:51 -0800
Started GET "/" for ::1 at 2021-01-07 13:53:30 -0800
Processing by StaticPagesController#index as HTML
  Rendering static_pages/index.html.erb within layouts/application
  Rendered shared/_main_nav.html.erb (0.4ms)
  Rendered shared/_masthead.html.erb (0.7ms)
  Rendered shared/_sections_nav.html.erb (1.2ms)
  Rendered shared/_search_modal.html.erb (0.3ms)
  Rendered shared/_main_content.html.erb (0.2ms)
  Rendered static_pages/index.html.erb within layouts/application (8.7ms)
Completed 200 OK in 32ms (Views: 30.9ms | ActiveRecord: 0.0ms)


Started GET "/assets/AA_Times_Logo.png" for ::1 at 2021-01-07 13:53:30 -0800
Started GET "/" for ::1 at 2021-01-07 13:57:45 -0800
Processing by StaticPagesController#index as HTML
  Rendering static_pages/index.html.erb within layouts/application
  Rendered shared/_main_nav.html.erb (0.4ms)
  Rendered shared/_masthead.html.erb (0.4ms)
  Rendered shared/_sections_nav.html.erb (0.5ms)
  Rendered shared/_search_modal.html.erb (0.3ms)
  Rendered shared/_main_content.html.erb (0.7ms)
  Rendered static_pages/index.html.erb within layouts/application (9.2ms)
Completed 200 OK in 65ms (Views: 64.0ms | ActiveRecord: 0.0ms)


Started GET "/assets/AA_Times_Logo.png" for ::1 at 2021-01-07 13:57:45 -0800
Started GET "/" for ::1 at 2021-01-07 13:59:13 -0800
Processing by StaticPagesController#index as HTML
  Rendering static_pages/index.html.erb within layouts/application
  Rendered shared/_main_nav.html.erb (0.6ms)
  Rendered shared/_masthead.html.erb (0.8ms)
  Rendered shared/_sections_nav.html.erb (0.3ms)
  Rendered shared/_search_modal.html.erb (0.8ms)
  Rendered shared/_main_content.html.erb (1.0ms)
  Rendered static_pages/index.html.erb within layouts/application (15.0ms)
Completed 200 OK in 47ms (Views: 46.1ms | ActiveRecord: 0.0ms)


Started GET "/assets/AA_Times_Logo.png" for ::1 at 2021-01-07 13:59:13 -0800
Started GET "/" for ::1 at 2021-01-07 14:00:16 -0800
Processing by StaticPagesController#index as HTML
  Rendering static_pages/index.html.erb within layouts/application
  Rendered shared/_main_nav.html.erb (0.5ms)
  Rendered shared/_masthead.html.erb (0.7ms)
  Rendered shared/_sections_nav.html.erb (3.1ms)
  Rendered shared/_search_modal.html.erb (1.0ms)
  Rendered shared/_main_content.html.erb (0.9ms)
  Rendered static_pages/index.html.erb within layouts/application (19.6ms)
Completed 200 OK in 47ms (Views: 46.0ms | ActiveRecord: 0.0ms)


Started GET "/assets/AA_Times_Logo.png" for ::1 at 2021-01-07 14:00:16 -0800
Started GET "/" for ::1 at 2021-01-07 14:00:23 -0800
Processing by StaticPagesController#index as HTML
  Rendering static_pages/index.html.erb within layouts/application
  Rendered shared/_main_nav.html.erb (0.5ms)
  Rendered shared/_masthead.html.erb (0.6ms)
  Rendered shared/_sections_nav.html.erb (0.5ms)
  Rendered shared/_search_modal.html.erb (0.4ms)
  Rendered shared/_main_content.html.erb (0.5ms)
  Rendered static_pages/index.html.erb within layouts/application (8.7ms)
Completed 200 OK in 35ms (Views: 34.3ms | ActiveRecord: 0.0ms)


Started GET "/assets/AA_Times_Logo.png" for ::1 at 2021-01-07 14:00:24 -0800
Started GET "/" for ::1 at 2021-01-07 14:02:20 -0800
Processing by StaticPagesController#index as HTML
  Rendering static_pages/index.html.erb within layouts/application
  Rendered shared/_main_nav.html.erb (0.7ms)
  Rendered shared/_masthead.html.erb (0.5ms)
  Rendered shared/_sections_nav.html.erb (0.4ms)
  Rendered shared/_search_modal.html.erb (0.4ms)
  Rendered shared/_main_content.html.erb (0.4ms)
  Rendered static_pages/index.html.erb within layouts/application (9.1ms)
Completed 200 OK in 29ms (Views: 28.3ms | ActiveRecord: 0.0ms)


Started GET "/assets/AA_Times_Logo.png" for ::1 at 2021-01-07 14:02:20 -0800
Started GET "/" for ::1 at 2021-01-07 14:03:07 -0800
Processing by StaticPagesController#index as HTML
  Rendering static_pages/index.html.erb within layouts/application
  Rendered shared/_main_nav.html.erb (0.4ms)
  Rendered shared/_masthead.html.erb (0.5ms)
  Rendered shared/_sections_nav.html.erb (0.3ms)
  Rendered shared/_search_modal.html.erb (0.3ms)
  Rendered shared/_main_content.html.erb (0.4ms)
  Rendered static_pages/index.html.erb within layouts/application (8.0ms)
Completed 200 OK in 30ms (Views: 29.0ms | ActiveRecord: 0.0ms)


Started GET "/assets/AA_Times_Logo.png" for ::1 at 2021-01-07 14:03:07 -0800
Started GET "/" for ::1 at 2021-01-07 14:03:37 -0800
Processing by StaticPagesController#index as HTML
  Rendering static_pages/index.html.erb within layouts/application
  Rendered shared/_main_nav.html.erb (0.4ms)
  Rendered shared/_masthead.html.erb (0.4ms)
  Rendered shared/_sections_nav.html.erb (0.4ms)
  Rendered shared/_search_modal.html.erb (0.4ms)
  Rendered shared/_main_content.html.erb (2.3ms)
  Rendered static_pages/index.html.erb within layouts/application (12.1ms)
Completed 200 OK in 44ms (Views: 43.2ms | ActiveRecord: 0.0ms)


Started GET "/assets/AA_Times_Logo.png" for ::1 at 2021-01-07 14:03:37 -0800
Started GET "/" for ::1 at 2021-01-07 14:04:22 -0800
Processing by StaticPagesController#index as HTML
  Rendering static_pages/index.html.erb within layouts/application
  Rendered shared/_main_nav.html.erb (0.3ms)
  Rendered shared/_masthead.html.erb (0.4ms)
  Rendered shared/_sections_nav.html.erb (0.3ms)
  Rendered shared/_search_modal.html.erb (0.5ms)
  Rendered shared/_main_content.html.erb (0.7ms)
  Rendered static_pages/index.html.erb within layouts/application (10.1ms)
Completed 200 OK in 253ms (Views: 252.2ms | ActiveRecord: 0.0ms)


Started GET "/assets/application.self-b3013041a0a073186384e9822f5df7fc0228390c86f2f25b1d3676fbad073649.css?body=1" for ::1 at 2021-01-07 14:04:23 -0800
Started GET "/assets/AA_Times_Logo.png" for ::1 at 2021-01-07 14:04:23 -0800
Started GET "/" for ::1 at 2021-01-07 14:04:39 -0800
Processing by StaticPagesController#index as HTML
  Rendering static_pages/index.html.erb within layouts/application
  Rendered shared/_main_nav.html.erb (0.2ms)
  Rendered shared/_masthead.html.erb (0.4ms)
  Rendered shared/_sections_nav.html.erb (0.2ms)
  Rendered shared/_search_modal.html.erb (0.3ms)
  Rendered shared/_main_content.html.erb (0.3ms)
  Rendered static_pages/index.html.erb within layouts/application (6.0ms)
Completed 200 OK in 209ms (Views: 207.8ms | ActiveRecord: 0.0ms)


Started GET "/assets/application.self-9711bdd0140e4a09ebde931e09494808d5dd2e0f3070017e23263dd832c402f4.css?body=1" for ::1 at 2021-01-07 14:04:39 -0800
Started GET "/assets/AA_Times_Logo.png" for ::1 at 2021-01-07 14:04:39 -0800
Started GET "/" for ::1 at 2021-01-07 14:05:45 -0800
Processing by StaticPagesController#index as HTML
  Rendering static_pages/index.html.erb within layouts/application
  Rendered shared/_main_nav.html.erb (0.7ms)
  Rendered shared/_masthead.html.erb (2.4ms)
  Rendered shared/_sections_nav.html.erb (1.0ms)
  Rendered shared/_search_modal.html.erb (0.6ms)
  Rendered shared/_main_content.html.erb (0.5ms)
  Rendered static_pages/index.html.erb within layouts/application (19.9ms)
Completed 200 OK in 59ms (Views: 57.0ms | ActiveRecord: 0.0ms)


Started GET "/assets/AA_Times_Logo.png" for ::1 at 2021-01-07 14:05:46 -0800
Started GET "/" for ::1 at 2021-01-07 14:06:05 -0800
Processing by StaticPagesController#index as HTML
  Rendering static_pages/index.html.erb within layouts/application
  Rendered shared/_main_nav.html.erb (0.5ms)
  Rendered shared/_masthead.html.erb (0.4ms)
  Rendered shared/_sections_nav.html.erb (0.4ms)
  Rendered shared/_search_modal.html.erb (0.4ms)
  Rendered shared/_main_content.html.erb (0.8ms)
  Rendered static_pages/index.html.erb within layouts/application (8.4ms)
Completed 200 OK in 51ms (Views: 49.9ms | ActiveRecord: 0.0ms)


Started GET "/assets/AA_Times_Logo.png" for ::1 at 2021-01-07 14:06:05 -0800
Started GET "/" for ::1 at 2021-01-07 14:07:11 -0800
Processing by StaticPagesController#index as HTML
  Rendering static_pages/index.html.erb within layouts/application
  Rendered shared/_main_nav.html.erb (0.7ms)
  Rendered shared/_masthead.html.erb (0.5ms)
  Rendered shared/_sections_nav.html.erb (2.2ms)
  Rendered shared/_search_modal.html.erb (0.5ms)
  Rendered shared/_main_content.html.erb (0.3ms)
  Rendered static_pages/index.html.erb within layouts/application (10.2ms)
Completed 200 OK in 174ms (Views: 172.5ms | ActiveRecord: 0.0ms)


Started GET "/assets/application.self-6c00ac251a0a1323374900622c82187f94637626c93d630e3ec3a4186b7ce48e.css?body=1" for ::1 at 2021-01-07 14:07:11 -0800
Started GET "/assets/AA_Times_Logo.png" for ::1 at 2021-01-07 14:07:11 -0800
